#
# A fatal error has been detected by the Java Runtime Environment:
#
#  EXCEPTION_ACCESS_VIOLATION (0xc0000005) at pc=0x000000005092a4f0, pid=1364, tid=0x00000000000010e0
#
# JRE version: OpenJDK Runtime Environment (8.0_152-b01) (build 1.8.0_152-release-915-b01)
# Java VM: OpenJDK 64-Bit Server VM (25.152-b01 mixed mode windows-amd64 compressed oops)
# Problematic frame:
# V  [jvm.dll+0x8a4f0]
#
# Failed to write core dump. Minidumps are not enabled by default on client versions of Windows
#
# If you would like to submit a bug report, please visit:
#   http://bugreport.java.com/bugreport/crash.jsp
#

---------------  T H R E A D  ---------------

Current thread (0x0000000004bd7000):  GCTaskThread [stack: 0x0000000014680000,0x0000000014780000] [id=4320]

siginfo: ExceptionCode=0xc0000005, reading address 0x00000007f93534d8

Registers:
RAX=0x0000000000000002, RBX=0x00000000e2af1268, RCX=0x00000000e2af1268, RDX=0x00000007f93534d0
RSP=0x000000001477f6d8, RBP=0x000000001418a387, RSI=0x0000000004cad500, RDI=0x00000000a3462010
R8 =0x0000000004cad500, R9 =0x000000000000005d, R10=0x0000000000000008, R11=0x00000000ef48e150
R12=0x000000001418a309, R13=0xff26a69aff26a69a, R14=0x0000000000000000, R15=0x0000000004bcd600
RIP=0x000000005092a4f0, EFLAGS=0x0000000000010202

Top of Stack: (sp=0x000000001477f6d8)
0x000000001477f6d8:   0000000050c6c0d2 00000000f32b4200
0x000000001477f6e8:   0000000000000006 0000000004cad500
0x000000001477f6f8:   00000000f2981c58 00000000ef486160
0x000000001477f708:   0000000000001000 00000000a3f8f0b0
0x000000001477f718:   0000000000000400 0000000000000000
0x000000001477f728:   0000000004cad500 000000001418a309
0x000000001477f738:   0000000050c6c440 00000000ef48c278
0x000000001477f748:   000000001418a387 0000000004cad500
0x000000001477f758:   00000000a3462010 00000000ef48c278
0x000000001477f768:   0000000050c6cfe5 00000000f25b0c80
0x000000001477f778:   0000000014187f81 0000000004cad500
0x000000001477f788:   0000000000000003 0000000004cad500
0x000000001477f798:   00000000509669f0 00000000a32e53a4
0x000000001477f7a8:   000000005098f247 0000000004cad500
0x000000001477f7b8:   000000005098d403 00000000a33af2dd
0x000000001477f7c8:   00000000a33af2dd 00000000a3461fbc 

Instructions: (pc=0x000000005092a4f0)
0x000000005092a4d0:   ac 50 1d 00 48 8b 9c 24 c0 00 00 00 48 81 c4 b0
0x000000005092a4e0:   00 00 00 5d c3 cc cc cc cc cc cc cc cc cc cc cc
0x000000005092a4f0:   44 8b 42 08 4c 8b ca 45 85 c0 7e 0e 41 f6 c0 01
0x000000005092a500:   75 57 41 c1 f8 03 41 8b c0 c3 79 4d 80 3d 9e f3 


Register to memory mapping:

RAX=0x0000000000000002 is an unknown value
RBX=0x00000000e2af1268 is an oop

[error occurred during error reporting (printing register info), id 0xc0000005]

Stack: [0x0000000014680000,0x0000000014780000],  sp=0x000000001477f6d8,  free space=1021k
Native frames: (J=compiled Java code, j=interpreted, Vv=VM code, C=native code)
V  [jvm.dll+0x8a4f0]


---------------  P R O C E S S  ---------------

Java Threads: ( => current thread )
  0x000000001b3ec000 JavaThread "build operations Thread 4" [_thread_blocked, id=5424, stack(0x0000000032c60000,0x0000000032d60000)]
  0x000000001b3f1000 JavaThread "build operations Thread 3" [_thread_blocked, id=11232, stack(0x0000000032b60000,0x0000000032c60000)]
  0x000000001b3f0800 JavaThread "build operations Thread 2" [_thread_blocked, id=5720, stack(0x0000000032a60000,0x0000000032b60000)]
  0x000000001b3f2000 JavaThread "build operations" [_thread_blocked, id=8708, stack(0x0000000032960000,0x0000000032a60000)]
  0x000000001b3e8000 JavaThread "Cache worker for Artifact transforms cache (C:\Users\bartl\.gradle\caches\transforms-1)" [_thread_blocked, id=8896, stack(0x0000000032860000,0x0000000032960000)]
  0x000000001b3ef000 JavaThread "Cache worker for file hash cache (E:\androidprogramy\Pokeout\.gradle\4.1\fileHashes)" [_thread_blocked, id=7880, stack(0x0000000032760000,0x0000000032860000)]
  0x000000001b3eb000 JavaThread "Stdin handler" [_thread_blocked, id=356, stack(0x0000000032660000,0x0000000032760000)]
  0x000000001b3ee000 JavaThread "Asynchronous log dispatcher for DefaultDaemonConnection: socket connection from /127.0.0.1:52132 to /127.0.0.1:56921" [_thread_blocked, id=8132, stack(0x0000000032560000,0x0000000032660000)]
  0x000000001b3e7800 JavaThread "Daemon worker Thread 4" [_thread_blocked, id=4128, stack(0x0000000032460000,0x0000000032560000)]
  0x000000001b3ea800 JavaThread "Cancel handler" [_thread_blocked, id=9996, stack(0x0000000032360000,0x0000000032460000)]
  0x000000001b3ec800 JavaThread "Handler for socket connection from /127.0.0.1:52132 to /127.0.0.1:56921" [_thread_in_native, id=11096, stack(0x0000000032260000,0x0000000032360000)]
  0x000000001b3e9800 JavaThread "Daemon Thread 4" [_thread_blocked, id=4536, stack(0x0000000032160000,0x0000000032260000)]
  0x000000001b3e9000 JavaThread "Java2D Disposer" daemon [_thread_blocked, id=3924, stack(0x0000000030960000,0x0000000030a60000)]
  0x000000001b9cb000 JavaThread "Memory manager" [_thread_blocked, id=2232, stack(0x0000000021ed0000,0x0000000021fd0000)]
  0x000000001b8fd000 JavaThread "File lock request listener" [_thread_in_native, id=8772, stack(0x000000001dfb0000,0x000000001e0b0000)]
  0x000000001b8fc800 JavaThread "Cache worker for file hash cache (C:\Users\bartl\.gradle\caches\4.1\fileHashes)" [_thread_blocked, id=6816, stack(0x000000001deb0000,0x000000001dfb0000)]
  0x000000001b895800 JavaThread "Daemon periodic checks" [_thread_blocked, id=3732, stack(0x000000001d5b0000,0x000000001d6b0000)]
  0x000000001b7ed000 JavaThread "Incoming local TCP Connector on port 52132" [_thread_in_native, id=10368, stack(0x000000001d360000,0x000000001d460000)]
  0x000000001a09f800 JavaThread "Service Thread" daemon [_thread_blocked, id=8660, stack(0x000000001a480000,0x000000001a580000)]
  0x0000000018739000 JavaThread "C1 CompilerThread2" daemon [_thread_blocked, id=7684, stack(0x0000000019f80000,0x000000001a080000)]
  0x0000000018725000 JavaThread "C2 CompilerThread1" daemon [_thread_blocked, id=7856, stack(0x0000000019e80000,0x0000000019f80000)]
  0x000000001871e800 JavaThread "C2 CompilerThread0" daemon [_thread_blocked, id=10976, stack(0x0000000019d80000,0x0000000019e80000)]
  0x000000001871d800 JavaThread "Attach Listener" daemon [_thread_blocked, id=11252, stack(0x0000000019c80000,0x0000000019d80000)]
  0x000000001871c000 JavaThread "Signal Dispatcher" daemon [_thread_blocked, id=2484, stack(0x0000000019b80000,0x0000000019c80000)]
  0x000000001870d800 JavaThread "Finalizer" daemon [_thread_blocked, id=5836, stack(0x0000000019980000,0x0000000019a80000)]
  0x00000000186e6800 JavaThread "Reference Handler" daemon [_thread_blocked, id=900, stack(0x0000000019880000,0x0000000019980000)]
  0x0000000004dad800 JavaThread "main" [_thread_blocked, id=5904, stack(0x0000000004a70000,0x0000000004b70000)]

Other Threads:
  0x00000000186e4000 VMThread [stack: 0x0000000019780000,0x0000000019880000] [id=8100]
  0x000000001a0b1800 WatcherThread [stack: 0x000000001a580000,0x000000001a680000] [id=1656]

=>0x0000000004bd7000 (exited) GCTaskThread [stack: 0x0000000014680000,0x0000000014780000] [id=4320]

VM state:at safepoint (normal execution)

VM Mutex/Monitor currently owned by a thread:  ([mutex/lock_event])
[0x0000000004dac870] Threads_lock - owner thread: 0x00000000186e4000
[0x0000000004dac770] Heap_lock - owner thread: 0x000000001b3e7800

Heap:
 PSYoungGen      total 266752K, used 266742K [0x00000000e0000000, 0x00000000f3480000, 0x0000000100000000)
  eden space 238080K, 100% used [0x00000000e0000000,0x00000000ee880000,0x00000000ee880000)
  from space 28672K, 99% used [0x00000000f1880000,0x00000000f347d848,0x00000000f3480000)
  to   space 38912K, 38% used [0x00000000ee880000,0x00000000ef708240,0x00000000f0e80000)
 ParOldGen       total 111616K, used 65376K [0x00000000a0000000, 0x00000000a6d00000, 0x00000000e0000000)
  object space 111616K, 58% used [0x00000000a0000000,0x00000000a3fd80f8,0x00000000a6d00000)
 Metaspace       used 87786K, capacity 92843K, committed 93056K, reserved 1130496K
  class space    used 11200K, capacity 12381K, committed 12416K, reserved 1048576K

Card table byte_map: [0x0000000014170000,0x0000000014480000] byte_map_base: 0x0000000013c70000

Marking Bits: (ParMarkBitMap*) 0x0000000051063950
 Begin Bits: [0x0000000014a80000, 0x0000000016280000)
 End Bits:   [0x0000000016280000, 0x0000000017a80000)

Polling page: 0x00000000009f0000

CodeCache: size=245760Kb used=52704Kb max_used=53307Kb free=193055Kb
 bounds [0x0000000004db0000, 0x0000000008260000, 0x0000000013db0000]
 total_blobs=15972 nmethods=14988 adapters=896
 compilation: enabled

Compilation events (10 events):
Event: 7136.745 Thread 0x0000000018739000 19083       3       com.android.build.gradle.internal.scope.VariantScopeImpl::getTaskName (8 bytes)
Event: 7136.745 Thread 0x0000000018739000 nmethod 19083 0x0000000006d7f950 code [0x0000000006d7fac0, 0x0000000006d7fd48]
Event: 7136.746 Thread 0x0000000018739000 19084       3       com.android.build.gradle.internal.pipeline.OriginalStream::makeRestrictedCopy (69 bytes)
Event: 7136.789 Thread 0x000000001871e800 19086       4       java.lang.Character::valueOf (21 bytes)
Event: 7136.789 Thread 0x000000001871e800 nmethod 19086 0x00000000052e46d0 code [0x00000000052e4800, 0x00000000052e4878]
Event: 7136.789 Thread 0x0000000018739000 nmethod 19084 0x0000000006c5b950 code [0x0000000006c5bbe0, 0x0000000006c5cef8]
Event: 7136.789 Thread 0x0000000018739000 19085       3       com.android.builder.core.VariantConfiguration::getMinSdkVersion (62 bytes)
Event: 7136.790 Thread 0x000000001871e800 19087 %     4       java.util.LinkedList::remove @ 44 (77 bytes)
Event: 7136.855 Thread 0x000000001871e800 nmethod 19087% 0x00000000051b6210 code [0x00000000051b6360, 0x00000000051b6638]
Event: 7136.858 Thread 0x0000000018739000 nmethod 19085 0x0000000006117f90 code [0x0000000006118200, 0x00000000061190d8]

GC Heap History (10 events):
Event: 560.872 GC heap after
Heap after GC invocations=19 (full 3):
 PSYoungGen      total 245760K, used 14736K [0x00000000e0000000, 0x00000000f1100000, 0x0000000100000000)
  eden space 228352K, 0% used [0x00000000e0000000,0x00000000e0000000,0x00000000edf00000)
  from space 17408K, 84% used [0x00000000f0000000,0x00000000f0e641f0,0x00000000f1100000)
  to   space 25600K, 0% used [0x00000000edf00000,0x00000000edf00000,0x00000000ef800000)
 ParOldGen       total 111616K, used 53012K [0x00000000a0000000, 0x00000000a6d00000, 0x00000000e0000000)
  object space 111616K, 47% used [0x00000000a0000000,0x00000000a33c5308,0x00000000a6d00000)
 Metaspace       used 65240K, capacity 68517K, committed 68736K, reserved 1107968K
  class space    used 8717K, capacity 9578K, committed 9600K, reserved 1048576K
}
Event: 577.716 GC heap before
{Heap before GC invocations=20 (full 3):
 PSYoungGen      total 245760K, used 243088K [0x00000000e0000000, 0x00000000f1100000, 0x0000000100000000)
  eden space 228352K, 100% used [0x00000000e0000000,0x00000000edf00000,0x00000000edf00000)
  from space 17408K, 84% used [0x00000000f0000000,0x00000000f0e641f0,0x00000000f1100000)
  to   space 25600K, 0% used [0x00000000edf00000,0x00000000edf00000,0x00000000ef800000)
 ParOldGen       total 111616K, used 53012K [0x00000000a0000000, 0x00000000a6d00000, 0x00000000e0000000)
  object space 111616K, 47% used [0x00000000a0000000,0x00000000a33c5308,0x00000000a6d00000)
 Metaspace       used 72413K, capacity 76073K, committed 76288K, reserved 1116160K
  class space    used 9532K, capacity 10480K, committed 10496K, reserved 1048576K
Event: 577.740 GC heap after
Heap after GC invocations=20 (full 3):
 PSYoungGen      total 253952K, used 17917K [0x00000000e0000000, 0x00000000f3580000, 0x0000000100000000)
  eden space 228352K, 0% used [0x00000000e0000000,0x00000000e0000000,0x00000000edf00000)
  from space 25600K, 69% used [0x00000000edf00000,0x00000000ef07f720,0x00000000ef800000)
  to   space 26624K, 0% used [0x00000000f1b80000,0x00000000f1b80000,0x00000000f3580000)
 ParOldGen       total 111616K, used 53036K [0x00000000a0000000, 0x00000000a6d00000, 0x00000000e0000000)
  object space 111616K, 47% used [0x00000000a0000000,0x00000000a33cb308,0x00000000a6d00000)
 Metaspace       used 72413K, capacity 76073K, committed 76288K, reserved 1116160K
  class space    used 9532K, capacity 10480K, committed 10496K, reserved 1048576K
}
Event: 588.414 GC heap before
{Heap before GC invocations=21 (full 3):
 PSYoungGen      total 253952K, used 246269K [0x00000000e0000000, 0x00000000f3580000, 0x0000000100000000)
  eden space 228352K, 100% used [0x00000000e0000000,0x00000000edf00000,0x00000000edf00000)
  from space 25600K, 69% used [0x00000000edf00000,0x00000000ef07f720,0x00000000ef800000)
  to   space 26624K, 0% used [0x00000000f1b80000,0x00000000f1b80000,0x00000000f3580000)
 ParOldGen       total 111616K, used 53036K [0x00000000a0000000, 0x00000000a6d00000, 0x00000000e0000000)
  object space 111616K, 47% used [0x00000000a0000000,0x00000000a33cb308,0x00000000a6d00000)
 Metaspace       used 77253K, capacity 81105K, committed 81280K, reserved 1120256K
  class space    used 10065K, capacity 11036K, committed 11136K, reserved 1048576K
Event: 588.440 GC heap after
Heap after GC invocations=21 (full 3):
 PSYoungGen      total 285696K, used 25144K [0x00000000e0000000, 0x00000000f3700000, 0x0000000100000000)
  eden space 259072K, 0% used [0x00000000e0000000,0x00000000e0000000,0x00000000efd00000)
  from space 26624K, 94% used [0x00000000f1b80000,0x00000000f340e190,0x00000000f3580000)
  to   space 29696K, 0% used [0x00000000efd00000,0x00000000efd00000,0x00000000f1a00000)
 ParOldGen       total 111616K, used 53564K [0x00000000a0000000, 0x00000000a6d00000, 0x00000000e0000000)
  object space 111616K, 47% used [0x00000000a0000000,0x00000000a344f338,0x00000000a6d00000)
 Metaspace       used 77253K, capacity 81105K, committed 81280K, reserved 1120256K
  class space    used 10065K, capacity 11036K, committed 11136K, reserved 1048576K
}
Event: 5596.950 GC heap before
{Heap before GC invocations=22 (full 3):
 PSYoungGen      total 285696K, used 284216K [0x00000000e0000000, 0x00000000f3700000, 0x0000000100000000)
  eden space 259072K, 100% used [0x00000000e0000000,0x00000000efd00000,0x00000000efd00000)
  from space 26624K, 94% used [0x00000000f1b80000,0x00000000f340e190,0x00000000f3580000)
  to   space 29696K, 0% used [0x00000000efd00000,0x00000000efd00000,0x00000000f1a00000)
 ParOldGen       total 111616K, used 53564K [0x00000000a0000000, 0x00000000a6d00000, 0x00000000e0000000)
  object space 111616K, 47% used [0x00000000a0000000,0x00000000a344f338,0x00000000a6d00000)
 Metaspace       used 84225K, capacity 88537K, committed 88832K, reserved 1126400K
  class space    used 10859K, capacity 11938K, committed 12032K, reserved 1048576K
Event: 5597.584 GC heap after
Heap after GC invocations=22 (full 3):
 PSYoungGen      total 276480K, used 27962K [0x00000000e0000000, 0x00000000f3480000, 0x0000000100000000)
  eden space 248320K, 0% used [0x00000000e0000000,0x00000000e0000000,0x00000000ef280000)
  from space 28160K, 99% used [0x00000000efd00000,0x00000000f184eb68,0x00000000f1880000)
  to   space 28672K, 0% used [0x00000000f1880000,0x00000000f1880000,0x00000000f3480000)
 ParOldGen       total 111616K, used 53591K [0x00000000a0000000, 0x00000000a6d00000, 0x00000000e0000000)
  object space 111616K, 48% used [0x00000000a0000000,0x00000000a3455f88,0x00000000a6d00000)
 Metaspace       used 84225K, capacity 88537K, committed 88832K, reserved 1126400K
  class space    used 10859K, capacity 11938K, committed 12032K, reserved 1048576K
}
Event: 5619.117 GC heap before
{Heap before GC invocations=23 (full 3):
 PSYoungGen      total 276480K, used 276282K [0x00000000e0000000, 0x00000000f3480000, 0x0000000100000000)
  eden space 248320K, 100% used [0x00000000e0000000,0x00000000ef280000,0x00000000ef280000)
  from space 28160K, 99% used [0x00000000efd00000,0x00000000f184eb68,0x00000000f1880000)
  to   space 28672K, 0% used [0x00000000f1880000,0x00000000f1880000,0x00000000f3480000)
 ParOldGen       total 111616K, used 53591K [0x00000000a0000000, 0x00000000a6d00000, 0x00000000e0000000)
  object space 111616K, 48% used [0x00000000a0000000,0x00000000a3455f88,0x00000000a6d00000)
 Metaspace       used 84767K, capacity 89297K, committed 89344K, reserved 1126400K
  class space    used 10896K, capacity 12020K, committed 12032K, reserved 1048576K
Event: 5619.285 GC heap after
Heap after GC invocations=23 (full 3):
 PSYoungGen      total 266752K, used 28662K [0x00000000e0000000, 0x00000000f3480000, 0x0000000100000000)
  eden space 238080K, 0% used [0x00000000e0000000,0x00000000e0000000,0x00000000ee880000)
  from space 28672K, 99% used [0x00000000f1880000,0x00000000f347d848,0x00000000f3480000)
  to   space 38912K, 0% used [0x00000000ee880000,0x00000000ee880000,0x00000000f0e80000)
 ParOldGen       total 111616K, used 59589K [0x00000000a0000000, 0x00000000a6d00000, 0x00000000e0000000)
  object space 111616K, 53% used [0x00000000a0000000,0x00000000a3a31688,0x00000000a6d00000)
 Metaspace       used 84767K, capacity 89297K, committed 89344K, reserved 1126400K
  class space    used 10896K, capacity 12020K, committed 12032K, reserved 1048576K
}
Event: 7136.860 GC heap before
{Heap before GC invocations=24 (full 3):
 PSYoungGen      total 266752K, used 266742K [0x00000000e0000000, 0x00000000f3480000, 0x0000000100000000)
  eden space 238080K, 100% used [0x00000000e0000000,0x00000000ee880000,0x00000000ee880000)
  from space 28672K, 99% used [0x00000000f1880000,0x00000000f347d848,0x00000000f3480000)
  to   space 38912K, 0% used [0x00000000ee880000,0x00000000ee880000,0x00000000f0e80000)
 ParOldGen       total 111616K, used 59589K [0x00000000a0000000, 0x00000000a6d00000, 0x00000000e0000000)
  object space 111616K, 53% used [0x00000000a0000000,0x00000000a3a31688,0x00000000a6d00000)
 Metaspace       used 87786K, capacity 92843K, committed 93056K, reserved 1130496K
  class space    used 11200K, capacity 12381K, committed 12416K, reserved 1048576K

Deoptimization events (10 events):
Event: 5639.449 Thread 0x000000001b9ce000 Uncommon trap: reason=unstable_if action=reinterpret pc=0x00000000075d40b4 method=org.gradle.internal.progress.DefaultBuildOperationExecutor.execute(Lorg/gradle/internal/operations/BuildOperation;Lorg/gradle/internal/operations/BuildOperationWorker;Lorg/g
Event: 5639.451 Thread 0x000000001b9ce000 Uncommon trap: reason=bimorphic action=maybe_recompile pc=0x00000000054cc098 method=java.lang.Throwable.<init>(Ljava/lang/String;Ljava/lang/Throwable;)V @ 24
Event: 5639.496 Thread 0x000000001b9ce000 Uncommon trap: reason=unstable_if action=reinterpret pc=0x00000000075d40b4 method=org.gradle.internal.progress.DefaultBuildOperationExecutor.execute(Lorg/gradle/internal/operations/BuildOperation;Lorg/gradle/internal/operations/BuildOperationWorker;Lorg/g
Event: 5639.515 Thread 0x000000001b9ce000 Uncommon trap: reason=class_check action=maybe_recompile pc=0x000000000796fd90 method=java.util.Formatter$FormatSpecifier.print(Ljava/lang/Object;Ljava/util/Locale;)V @ 201
Event: 5639.515 Thread 0x000000001b9ce000 Uncommon trap: reason=bimorphic action=maybe_recompile pc=0x00000000069e4b5c method=org.gradle.internal.logging.text.AbstractStyledTextOutput.text(Ljava/lang/Object;)Lorg/gradle/internal/logging/text/StyledTextOutput; @ 11
Event: 5639.526 Thread 0x000000001b9ce000 Uncommon trap: reason=unstable_if action=reinterpret pc=0x00000000075d40b4 method=org.gradle.internal.progress.DefaultBuildOperationExecutor.execute(Lorg/gradle/internal/operations/BuildOperation;Lorg/gradle/internal/operations/BuildOperationWorker;Lorg/g
Event: 5639.576 Thread 0x000000001b9ce000 Uncommon trap: reason=unstable_if action=reinterpret pc=0x0000000006e67f48 method=com.google.protobuf.CodedOutputStream.computeUInt32SizeNoTag(I)I @ 14
Event: 5639.584 Thread 0x000000001b9ce000 Uncommon trap: reason=unstable_if action=reinterpret pc=0x00000000061c087c method=com.google.protobuf.CodedInputStream.readRawVarint32()I @ 66
Event: 5639.684 Thread 0x000000001b9ca000 Uncommon trap: reason=unstable_if action=reinterpret pc=0x00000000066b0e58 method=java.io.ObjectOutputStream.writeObject0(Ljava/lang/Object;Z)V @ 498
Event: 7135.400 Thread 0x000000001b3e7800 Uncommon trap: reason=unstable_if action=reinterpret pc=0x0000000005c55f00 method=java.lang.ref.SoftReference.get()Ljava/lang/Object; @ 6

Classes redefined (0 events):
No events

Internal exceptions (10 events):
Event: 7136.090 Thread 0x000000001b3e7800 Exception <a 'sun/nio/fs/WindowsException'> (0x00000000ee370750) thrown at [D:\src\AOSP-openjdk-cygwin\jdk8u\hotspot\src\share\vm\prims\jni.cpp, line 709]
Event: 7136.091 Thread 0x000000001b3e7800 Exception <a 'sun/nio/fs/WindowsException'> (0x00000000ee3712c0) thrown at [D:\src\AOSP-openjdk-cygwin\jdk8u\hotspot\src\share\vm\prims\jni.cpp, line 709]
Event: 7136.103 Thread 0x000000001b3e7800 Exception <a 'sun/nio/fs/WindowsException'> (0x00000000ee3749f8) thrown at [D:\src\AOSP-openjdk-cygwin\jdk8u\hotspot\src\share\vm\prims\jni.cpp, line 709]
Event: 7136.104 Thread 0x000000001b3e7800 Exception <a 'sun/nio/fs/WindowsException'> (0x00000000ee375540) thrown at [D:\src\AOSP-openjdk-cygwin\jdk8u\hotspot\src\share\vm\prims\jni.cpp, line 709]
Event: 7136.104 Thread 0x000000001b3e7800 Exception <a 'sun/nio/fs/WindowsException'> (0x00000000ee3770b8) thrown at [D:\src\AOSP-openjdk-cygwin\jdk8u\hotspot\src\share\vm\prims\jni.cpp, line 709]
Event: 7136.104 Thread 0x000000001b3e7800 Exception <a 'sun/nio/fs/WindowsException'> (0x00000000ee377c40) thrown at [D:\src\AOSP-openjdk-cygwin\jdk8u\hotspot\src\share\vm\prims\jni.cpp, line 709]
Event: 7136.128 Thread 0x000000001b3e7800 Exception <a 'sun/nio/fs/WindowsException'> (0x00000000ee37cad8) thrown at [D:\src\AOSP-openjdk-cygwin\jdk8u\hotspot\src\share\vm\prims\jni.cpp, line 709]
Event: 7136.128 Thread 0x000000001b3e7800 Exception <a 'sun/nio/fs/WindowsException'> (0x00000000ee37d610) thrown at [D:\src\AOSP-openjdk-cygwin\jdk8u\hotspot\src\share\vm\prims\jni.cpp, line 709]
Event: 7136.128 Thread 0x000000001b3e7800 Exception <a 'sun/nio/fs/WindowsException'> (0x00000000ee37f188) thrown at [D:\src\AOSP-openjdk-cygwin\jdk8u\hotspot\src\share\vm\prims\jni.cpp, line 709]
Event: 7136.128 Thread 0x000000001b3e7800 Exception <a 'sun/nio/fs/WindowsException'> (0x00000000ee37fcf8) thrown at [D:\src\AOSP-openjdk-cygwin\jdk8u\hotspot\src\share\vm\prims\jni.cpp, line 709]

Events (10 events):
Event: 7136.438 Thread 0x0000000018739000 flushing nmethod 0x0000000007ff65d0
Event: 7136.438 Thread 0x0000000018739000 flushing nmethod 0x0000000007ff7890
Event: 7136.438 Thread 0x0000000018739000 flushing nmethod 0x000000000800d950
Event: 7136.438 Thread 0x0000000018739000 flushing nmethod 0x00000000080117d0
Event: 7136.438 Thread 0x0000000018739000 flushing nmethod 0x000000000805a210
Event: 7136.438 Thread 0x0000000018739000 flushing nmethod 0x0000000008074bd0
Event: 7136.438 Thread 0x0000000018739000 flushing nmethod 0x00000000080a5310
Event: 7136.438 Thread 0x0000000018739000 flushing nmethod 0x00000000080ad9d0
Event: 7136.439 Thread 0x0000000018739000 flushing nmethod 0x0000000008118f50
Event: 7136.859 Executing VM operation: ParallelGCFailedAllocation


Dynamic libraries:
0x00007ff6a89b0000 - 0x00007ff6a89e1000 	C:\Program Files\Android\Android Studio\jre\bin\java.exe
0x00007ffe8a4c0000 - 0x00007ffe8a6a0000 	C:\Windows\SYSTEM32\ntdll.dll
0x00007ffe88a60000 - 0x00007ffe88b0e000 	C:\Windows\System32\KERNEL32.DLL
0x00007ffe868c0000 - 0x00007ffe86b26000 	C:\Windows\System32\KERNELBASE.dll
0x00007ffe8a3d0000 - 0x00007ffe8a471000 	C:\Windows\System32\ADVAPI32.dll
0x00007ffe8a330000 - 0x00007ffe8a3cd000 	C:\Windows\System32\msvcrt.dll
0x00007ffe8a130000 - 0x00007ffe8a18b000 	C:\Windows\System32\sechost.dll
0x00007ffe87ec0000 - 0x00007ffe87fdf000 	C:\Windows\System32\RPCRT4.dll
0x00007ffe8a190000 - 0x00007ffe8a31f000 	C:\Windows\System32\USER32.dll
0x00007ffe87910000 - 0x00007ffe87930000 	C:\Windows\System32\win32u.dll
0x00007ffe8a100000 - 0x00007ffe8a128000 	C:\Windows\System32\GDI32.dll
0x00007ffe874f0000 - 0x00007ffe87683000 	C:\Windows\System32\gdi32full.dll
0x00007ffe87400000 - 0x00007ffe8749b000 	C:\Windows\System32\msvcp_win.dll
0x00007ffe87280000 - 0x00007ffe87376000 	C:\Windows\System32\ucrtbase.dll
0x00007ffe819c0000 - 0x00007ffe81c29000 	C:\Windows\WinSxS\amd64_microsoft.windows.common-controls_6595b64144ccf1df_6.0.16299.125_none_15cbcf8893620c09\COMCTL32.dll
0x00007ffe88190000 - 0x00007ffe88498000 	C:\Windows\System32\combase.dll
0x00007ffe87380000 - 0x00007ffe873f2000 	C:\Windows\System32\bcryptPrimitives.dll
0x00007ffe87990000 - 0x00007ffe879bd000 	C:\Windows\System32\IMM32.DLL
0x00000000506e0000 - 0x00000000507b2000 	C:\Program Files\Android\Android Studio\jre\jre\bin\msvcr100.dll
0x00000000508a0000 - 0x00000000510de000 	C:\Program Files\Android\Android Studio\jre\jre\bin\server\jvm.dll
0x00007ffe8a320000 - 0x00007ffe8a328000 	C:\Windows\System32\PSAPI.DLL
0x00007ffe7e6e0000 - 0x00007ffe7e6e9000 	C:\Windows\SYSTEM32\WSOCK32.dll
0x00007ffe88500000 - 0x00007ffe8856c000 	C:\Windows\System32\WS2_32.dll
0x00007ffe85050000 - 0x00007ffe85073000 	C:\Windows\SYSTEM32\WINMM.dll
0x00007ffe7b220000 - 0x00007ffe7b22a000 	C:\Windows\SYSTEM32\VERSION.dll
0x00007ffe83b30000 - 0x00007ffe83b5a000 	C:\Windows\SYSTEM32\WINMMBASE.dll
0x00007ffe874a0000 - 0x00007ffe874ea000 	C:\Windows\System32\cfgmgr32.dll
0x00007ffe7e550000 - 0x00007ffe7e55f000 	C:\Program Files\Android\Android Studio\jre\jre\bin\verify.dll
0x00007ffe70650000 - 0x00007ffe70679000 	C:\Program Files\Android\Android Studio\jre\jre\bin\java.dll
0x00007ffe73a00000 - 0x00007ffe73a16000 	C:\Program Files\Android\Android Studio\jre\jre\bin\zip.dll
0x00007ffe88c40000 - 0x00007ffe8a076000 	C:\Windows\System32\SHELL32.dll
0x00007ffe87e10000 - 0x00007ffe87eb6000 	C:\Windows\System32\shcore.dll
0x00007ffe86b30000 - 0x00007ffe87277000 	C:\Windows\System32\windows.storage.dll
0x00007ffe88be0000 - 0x00007ffe88c31000 	C:\Windows\System32\shlwapi.dll
0x00007ffe868a0000 - 0x00007ffe868b1000 	C:\Windows\System32\kernel.appcore.dll
0x00007ffe86810000 - 0x00007ffe8685c000 	C:\Windows\System32\powrprof.dll
0x00007ffe86880000 - 0x00007ffe8689b000 	C:\Windows\System32\profapi.dll
0x00007ffe73940000 - 0x00007ffe7395a000 	C:\Program Files\Android\Android Studio\jre\jre\bin\net.dll
0x00007ffe860a0000 - 0x00007ffe86106000 	C:\Windows\system32\mswsock.dll
0x00007ffe72cb0000 - 0x00007ffe72cc1000 	C:\Program Files\Android\Android Studio\jre\jre\bin\nio.dll
0x00007ffe82620000 - 0x00007ffe8263e000 	C:\Users\bartl\.gradle\native\25\windows-amd64\native-platform.dll
0x00007ffe83760000 - 0x00007ffe8376d000 	C:\Program Files\Android\Android Studio\jre\jre\bin\management.dll
0x00007ffe86260000 - 0x00007ffe86277000 	C:\Windows\SYSTEM32\CRYPTSP.dll
0x00007ffe85cb0000 - 0x00007ffe85ce3000 	C:\Windows\system32\rsaenh.dll
0x00007ffe86370000 - 0x00007ffe86395000 	C:\Windows\SYSTEM32\bcrypt.dll
0x00007ffe86710000 - 0x00007ffe86739000 	C:\Windows\SYSTEM32\USERENV.dll
0x00007ffe86280000 - 0x00007ffe8628b000 	C:\Windows\SYSTEM32\CRYPTBASE.dll
0x00007ffe85e30000 - 0x00007ffe85e69000 	C:\Windows\SYSTEM32\IPHLPAPI.DLL
0x00007ffe8a480000 - 0x00007ffe8a488000 	C:\Windows\System32\NSI.dll
0x00007ffe7e8f0000 - 0x00007ffe7e906000 	C:\Windows\SYSTEM32\dhcpcsvc6.DLL
0x00007ffe7e870000 - 0x00007ffe7e88a000 	C:\Windows\SYSTEM32\dhcpcsvc.DLL
0x00007ffe6bff0000 - 0x00007ffe6c014000 	C:\Program Files\Android\Android Studio\jre\jre\bin\sunec.dll
0x00007ffe85e70000 - 0x00007ffe85f26000 	C:\Windows\SYSTEM32\DNSAPI.dll
0x00007ffe7dc80000 - 0x00007ffe7dc8a000 	C:\Windows\System32\rasadhlp.dll
0x00007ffe7e210000 - 0x00007ffe7e280000 	C:\Windows\System32\fwpuclnt.dll
0x00007ffe82ac0000 - 0x00007ffe82acb000 	C:\Program Files\Android\Android Studio\jre\jre\bin\sunmscapi.dll
0x00007ffe87690000 - 0x00007ffe8785e000 	C:\Windows\System32\CRYPT32.dll
0x00007ffe86860000 - 0x00007ffe86872000 	C:\Windows\System32\MSASN1.dll
0x00007ffe59f50000 - 0x00007ffe5a0e5000 	C:\Program Files\Android\Android Studio\jre\jre\bin\awt.dll
0x00007ffe88b10000 - 0x00007ffe88bd5000 	C:\Windows\System32\OLEAUT32.dll
0x00007ffe84360000 - 0x00007ffe84918000 	C:\Windows\SYSTEM32\d2d1.dll
0x00007ffe84fa0000 - 0x00007ffe85028000 	C:\Windows\SYSTEM32\apphelp.dll
0x00007ffe853a0000 - 0x00007ffe853ca000 	C:\Windows\system32\DWMAPI.DLL
0x00007ffe852d0000 - 0x00007ffe85365000 	C:\Windows\system32\uxtheme.dll
0x00007ffe81ec0000 - 0x00007ffe82088000 	C:\Windows\SYSTEM32\dbghelp.dll

VM Arguments:
jvm_args: -Xmx1536m -Dfile.encoding=windows-1250 -Duser.country=PL -Duser.language=pl -Duser.variant 
java_command: org.gradle.launcher.daemon.bootstrap.GradleDaemon 4.1
java_class_path (initial): C:\Users\bartl\.gradle\wrapper\dists\gradle-4.1-all\bzyivzo6n839fup2jbap0tjew\gradle-4.1\lib\gradle-launcher-4.1.jar
Launcher Type: SUN_STANDARD

Environment Variables:
PATH=C:\Windows\system32;C:\Windows;C:\Windows\System32\Wbem;C:\Windows\System32\WindowsPowerShell\v1.0\;C:\Program Files\dotnet\;C:\Program Files\Microsoft SQL Server\130\Tools\Binn\;C:\Program Files\Git\cmd;C:\Users\bartl\AppData\Local\Microsoft\WindowsApps;C:\Program Files\Bandizip\
USERNAME=Bartek
OS=Windows_NT
PROCESSOR_IDENTIFIER=AMD64 Family 16 Model 4 Stepping 2, AuthenticAMD



---------------  S Y S T E M  ---------------

OS: Windows 10.0 , 64 bit Build 16299 (10.0.16299.15)

CPU:total 4 (initial active 4) (4 cores per cpu, 1 threads per core) family 16 model 4 stepping 2, cmov, cx8, fxsr, mmx, sse, sse2, sse3, popcnt, mmxext, 3dnowpref, lzcnt, sse4a, tsc, tscinvbit, tscinv

Memory: 4k page, physical 4193452k(308736k free), swap 9687620k(1649096k free)

vm_info: OpenJDK 64-Bit Server VM (25.152-b01) for windows-amd64 JRE (1.8.0_152-release-915-b01), built by "builder" with MS VC++ 10.0 (VS2010)

time: Wed Feb 21 19:56:58 2018
elapsed time: 7138 seconds (0d 1h 58m 58s)

