#
# A fatal error has been detected by the Java Runtime Environment:
#
#  EXCEPTION_ACCESS_VIOLATION (0xc0000005) at pc=0x0000000052c3eebb, pid=10888, tid=0x000000000000071c
#
# JRE version: OpenJDK Runtime Environment (8.0_152-b01) (build 1.8.0_152-release-915-b01)
# Java VM: OpenJDK 64-Bit Server VM (25.152-b01 mixed mode windows-amd64 compressed oops)
# Problematic frame:
# V  [jvm.dll+0xeeebb]
#
# Failed to write core dump. Minidumps are not enabled by default on client versions of Windows
#
# If you would like to submit a bug report, please visit:
#   http://bugreport.java.com/bugreport/crash.jsp
#

---------------  T H R E A D  ---------------

Current thread (0x0000000004c07000):  GCTaskThread [stack: 0x00000000145c0000,0x00000000146c0000] [id=1820]

siginfo: ExceptionCode=0xc0000005, reading address 0x00000001809ae7f8

Registers:
RAX=0x00000000149c0000, RBX=0x00000000a409d010, RCX=0x0000000000000003, RDX=0x0000000000000001
RSP=0x00000000146bf9d0, RBP=0x00000000a409cfe0, RSI=0x0000000000000002, RDI=0x0000000004cdb4c0
R8 =0x00000001809ae7f0, R9 =0x0000000000000002, R10=0x000000000000000c, R11=0x0000000000000ebe
R12=0x00000000a409cfe4, R13=0x000000010099f068, R14=0x000000010099f070, R15=0x00000000a409cfb0
RIP=0x0000000052c3eebb, EFLAGS=0x0000000000010206

Top of Stack: (sp=0x00000000146bf9d0)
0x00000000146bf9d0:   00000000a409d000 00000000a409cfdc
0x00000000146bf9e0:   0000000000000002 0000000004cdb4c0
0x00000000146bf9f0:   0000000000000000 0000000004c076b0
0x00000000146bfa00:   0000000004c01e20 0000000000000000
0x00000000146bfa10:   0000000000000ebd 0000000052f134c0
0x00000000146bfa20:   0000000018c23630 0000000000000000
0x00000000146bfa30:   0000000004cdb4c0 0000000053163768
0x00000000146bfa40:   00000000a400c908 0000000052f173b8
0x00000000146bfa50:   0000000053313950 0000000000000005
0x00000000146bfa60:   0000000000000000 000008a800000eac
0x00000000146bfa70:   00000000f3c84b6c 0000000052c3ef56
0x00000000146bfa80:   00000000a400c908 0000000004c01e20
0x00000000146bfa90:   0000000004c076c0 0000000004c076b0
0x00000000146bfaa0:   0000000053163768 0000000000000000
0x00000000146bfab0:   000000001ab23070 0000000000000000
0x00000000146bfac0:   0000000004cdb4c0 0000000052f10e6f 

Instructions: (pc=0x0000000052c3eebb)
0x0000000052c3ee9b:   6c 00 84 d2 74 16 44 8b 43 08 8b 0d ad b7 66 00
0x0000000052c3eeab:   49 d3 e0 4c 03 05 9b b7 66 00 eb 04 4c 8b 43 08
0x0000000052c3eebb:   45 8b 48 08 45 85 c9 7e 0c 41 f6 c1 01 75 4b 41
0x0000000052c3eecb:   c1 f9 03 eb 57 79 43 84 d2 41 8b c9 b8 10 00 00 


Register to memory mapping:

RAX=0x00000000149c0000 is an unknown value
RBX=
[error occurred during error reporting (printing register info), id 0xc0000005]

Stack: [0x00000000145c0000,0x00000000146c0000],  sp=0x00000000146bf9d0,  free space=1022k
Native frames: (J=compiled Java code, j=interpreted, Vv=VM code, C=native code)
V  [jvm.dll+0xeeebb]
V  [jvm.dll+0x3c34c0]
V  [jvm.dll+0x3c0e6f]
V  [jvm.dll+0x3be2ce]
V  [jvm.dll+0x26d4aa]
C  [msvcr100.dll+0x21d9f]
C  [msvcr100.dll+0x21e3b]
C  [KERNEL32.DLL+0x11fe4]
C  [ntdll.dll+0x6efc1]


---------------  P R O C E S S  ---------------

Java Threads: ( => current thread )
  0x000000001eb24800 JavaThread "ForkJoinPool.commonPool-worker-2" daemon [_thread_blocked, id=8880, stack(0x0000000029000000,0x0000000029100000)]
  0x000000001eb22000 JavaThread "Task worker for ':' Thread 3" [_thread_blocked, id=6488, stack(0x0000000028000000,0x0000000028100000)]
  0x000000001eb1f000 JavaThread "Task worker for ':' Thread 2" [_thread_blocked, id=832, stack(0x0000000027f00000,0x0000000028000000)]
  0x000000001ff94800 JavaThread "Task worker for ':'" [_thread_blocked, id=2784, stack(0x0000000027e00000,0x0000000027f00000)]
  0x000000001ff92000 JavaThread "Cache worker for task history cache (D:\androidprogramy\Pokeoutnew\.gradle\4.1\taskHistory)" [_thread_blocked, id=8936, stack(0x0000000027d00000,0x0000000027e00000)]
  0x000000001ff97800 JavaThread "Cache worker for file content cache (D:\androidprogramy\Pokeoutnew\.gradle\4.1\fileContent)" [_thread_blocked, id=8504, stack(0x0000000027c00000,0x0000000027d00000)]
  0x000000001ff90000 JavaThread "build operations Thread 4" [_thread_blocked, id=2596, stack(0x0000000027b00000,0x0000000027c00000)]
  0x000000001ff93000 JavaThread "build operations Thread 3" [_thread_blocked, id=1808, stack(0x0000000027a00000,0x0000000027b00000)]
  0x000000001ff96800 JavaThread "build operations Thread 2" [_thread_blocked, id=9428, stack(0x0000000027900000,0x0000000027a00000)]
  0x000000001ff96000 JavaThread "build operations" [_thread_blocked, id=3144, stack(0x0000000027800000,0x0000000027900000)]
  0x000000001ff95000 JavaThread "Cache worker for Artifact transforms cache (C:\Users\Bartek\.gradle\caches\transforms-1)" [_thread_blocked, id=8316, stack(0x0000000027700000,0x0000000027800000)]
  0x000000001ff88000 JavaThread "Cache worker for file hash cache (D:\androidprogramy\Pokeoutnew\.gradle\4.1\fileHashes)" [_thread_blocked, id=3668, stack(0x0000000027600000,0x0000000027700000)]
  0x000000001ff8d800 JavaThread "Asynchronous log dispatcher for DefaultDaemonConnection: socket connection from /127.0.0.1:64555 to /127.0.0.1:64689" [_thread_blocked, id=4244, stack(0x0000000027400000,0x0000000027500000)]
  0x000000001ff8d000 JavaThread "Daemon worker Thread 2" [_thread_blocked, id=7812, stack(0x0000000027300000,0x0000000027400000)]
  0x000000001ff89800 JavaThread "Cancel handler" [_thread_blocked, id=1652, stack(0x0000000027200000,0x0000000027300000)]
  0x000000001b9ff800 JavaThread "Handler for socket connection from /127.0.0.1:64555 to /127.0.0.1:64689" [_thread_in_native, id=2960, stack(0x0000000027100000,0x0000000027200000)]
  0x000000001ba04000 JavaThread "Daemon Thread 2" [_thread_blocked, id=9468, stack(0x0000000027000000,0x0000000027100000)]
  0x000000001ba01800 JavaThread "Memory manager" [_thread_blocked, id=2996, stack(0x0000000021cf0000,0x0000000021df0000)]
  0x000000001b798000 JavaThread "File lock request listener" [_thread_in_native, id=3092, stack(0x000000001def0000,0x000000001dff0000)]
  0x000000001b7b6800 JavaThread "Cache worker for file hash cache (C:\Users\Bartek\.gradle\caches\4.1\fileHashes)" [_thread_blocked, id=4620, stack(0x000000001ddf0000,0x000000001def0000)]
  0x000000001bbe4800 JavaThread "Daemon periodic checks" [_thread_blocked, id=9956, stack(0x000000001d4f0000,0x000000001d5f0000)]
  0x000000001bd8d800 JavaThread "Incoming local TCP Connector on port 64555" [_thread_in_native, id=10136, stack(0x000000001d2a0000,0x000000001d3a0000)]
  0x00000000186bd800 JavaThread "Service Thread" daemon [_thread_blocked, id=1016, stack(0x000000001a3c0000,0x000000001a4c0000)]
  0x0000000018662000 JavaThread "C1 CompilerThread2" daemon [_thread_blocked, id=9608, stack(0x0000000019ec0000,0x0000000019fc0000)]
  0x000000001865e000 JavaThread "C2 CompilerThread1" daemon [_thread_blocked, id=10816, stack(0x0000000019dc0000,0x0000000019ec0000)]
  0x000000001865a800 JavaThread "C2 CompilerThread0" daemon [_thread_blocked, id=6328, stack(0x0000000019cc0000,0x0000000019dc0000)]
  0x0000000018659800 JavaThread "Attach Listener" daemon [_thread_blocked, id=5512, stack(0x0000000019bc0000,0x0000000019cc0000)]
  0x0000000018669800 JavaThread "Signal Dispatcher" daemon [_thread_blocked, id=9888, stack(0x0000000019ac0000,0x0000000019bc0000)]
  0x0000000004ced000 JavaThread "Finalizer" daemon [_thread_blocked, id=7280, stack(0x00000000198c0000,0x00000000199c0000)]
  0x0000000004ce2000 JavaThread "Reference Handler" daemon [_thread_blocked, id=8820, stack(0x00000000197c0000,0x00000000198c0000)]
  0x0000000004b5d800 JavaThread "main" [_thread_blocked, id=9028, stack(0x00000000049f0000,0x0000000004af0000)]

Other Threads:
  0x0000000018624800 VMThread [stack: 0x00000000196c0000,0x00000000197c0000] [id=3872]
  0x0000000019ff2800 WatcherThread [stack: 0x000000001a4c0000,0x000000001a5c0000] [id=9368]

=>0x0000000004c07000 (exited) GCTaskThread [stack: 0x00000000145c0000,0x00000000146c0000] [id=1820]

VM state:at safepoint (normal execution)

VM Mutex/Monitor currently owned by a thread:  ([mutex/lock_event])
[0x0000000004b5cb50] Threads_lock - owner thread: 0x0000000018624800
[0x0000000004b5d0d0] Heap_lock - owner thread: 0x000000001eb1f000

Heap:
 PSYoungGen      total 329728K, used 27120K [0x00000000e0000000, 0x00000000fcd00000, 0x0000000100000000)
  eden space 302592K, 0% used [0x00000000e0000000,0x00000000e0000000,0x00000000f2780000)
  from space 27136K, 99% used [0x00000000f2780000,0x00000000f41fc148,0x00000000f4200000)
  to   space 63488K, 0% used [0x00000000f8f00000,0x00000000f8f00000,0x00000000fcd00000)
 ParOldGen       total 150528K, used 150402K [0x00000000a0000000, 0x00000000a9300000, 0x00000000e0000000)
  object space 150528K, 99% used [0x00000000a0000000,0x00000000a92e0a70,0x00000000a9300000)
 Metaspace       used 69694K, capacity 73244K, committed 73432K, reserved 1112064K
  class space    used 9079K, capacity 9960K, committed 9984K, reserved 1048576K

Card table byte_map: [0x00000000140b0000,0x00000000143c0000] byte_map_base: 0x0000000013bb0000

Marking Bits: (ParMarkBitMap*) 0x0000000053313950
 Begin Bits: [0x00000000149c0000, 0x00000000161c0000)
 End Bits:   [0x00000000161c0000, 0x00000000179c0000)

Polling page: 0x00000000009c0000

CodeCache: size=245760Kb used=45716Kb max_used=45721Kb free=200043Kb
 bounds [0x0000000004cf0000, 0x00000000079d0000, 0x0000000013cf0000]
 total_blobs=13306 nmethods=12501 adapters=716
 compilation: enabled

Compilation events (10 events):
Event: 208.614 Thread 0x0000000018662000 14985       2       proguard.classfile.util.ClassReferenceInitializer::visitAnyParameterAnnotationsAttribute (8 bytes)
Event: 208.615 Thread 0x0000000018662000 nmethod 14985 0x00000000079c19d0 code [0x00000000079c1b40, 0x00000000079c1cc8]
Event: 208.616 Thread 0x000000001865a800 nmethod 14964 0x00000000079be710 code [0x00000000079be860, 0x00000000079bea18]
Event: 208.616 Thread 0x000000001865a800 14934       4       proguard.classfile.attribute.ConstantValueAttribute::accept (10 bytes)
Event: 208.617 Thread 0x000000001865a800 nmethod 14934 0x00000000079bcc10 code [0x00000000079bcd60, 0x00000000079bcef8]
Event: 208.617 Thread 0x000000001865a800 14942       4       proguard.classfile.util.DescriptorClassEnumeration::nextFluff (313 bytes)
Event: 208.618 Thread 0x0000000018662000 14987       3       proguard.classfile.util.ClassReferenceInitializer::initializeElementValue (54 bytes)
Event: 208.619 Thread 0x0000000018662000 nmethod 14987 0x00000000079bde10 code [0x00000000079bdfa0, 0x00000000079be498]
Event: 208.624 Thread 0x0000000018662000 14988       3       proguard.classfile.util.InternalTypeEnumeration::skipClass (59 bytes)
Event: 208.624 Thread 0x0000000018662000 nmethod 14988 0x00000000079bd610 code [0x00000000079bd7a0, 0x00000000079bdbf8]

GC Heap History (10 events):
Event: 36.702 GC heap after
Heap after GC invocations=18 (full 3):
 PSYoungGen      total 243712K, used 15487K [0x00000000e0000000, 0x00000000f4600000, 0x0000000100000000)
  eden space 217088K, 0% used [0x00000000e0000000,0x00000000e0000000,0x00000000ed400000)
  from space 26624K, 58% used [0x00000000ed400000,0x00000000ee31fc00,0x00000000eee00000)
  to   space 27136K, 0% used [0x00000000f2b80000,0x00000000f2b80000,0x00000000f4600000)
 ParOldGen       total 114688K, used 52101K [0x00000000a0000000, 0x00000000a7000000, 0x00000000e0000000)
  object space 114688K, 45% used [0x00000000a0000000,0x00000000a32e1418,0x00000000a7000000)
 Metaspace       used 61834K, capacity 64714K, committed 64856K, reserved 1105920K
  class space    used 8306K, capacity 9075K, committed 9088K, reserved 1048576K
}
Event: 69.146 GC heap before
{Heap before GC invocations=19 (full 3):
 PSYoungGen      total 243712K, used 232575K [0x00000000e0000000, 0x00000000f4600000, 0x0000000100000000)
  eden space 217088K, 100% used [0x00000000e0000000,0x00000000ed400000,0x00000000ed400000)
  from space 26624K, 58% used [0x00000000ed400000,0x00000000ee31fc00,0x00000000eee00000)
  to   space 27136K, 0% used [0x00000000f2b80000,0x00000000f2b80000,0x00000000f4600000)
 ParOldGen       total 114688K, used 52101K [0x00000000a0000000, 0x00000000a7000000, 0x00000000e0000000)
  object space 114688K, 45% used [0x00000000a0000000,0x00000000a32e1418,0x00000000a7000000)
 Metaspace       used 63947K, capacity 67008K, committed 67160K, reserved 1107968K
  class space    used 8536K, capacity 9340K, committed 9344K, reserved 1048576K
Event: 69.181 GC heap after
Heap after GC invocations=19 (full 3):
 PSYoungGen      total 287232K, used 4876K [0x00000000e0000000, 0x00000000f3b80000, 0x0000000100000000)
  eden space 270848K, 0% used [0x00000000e0000000,0x00000000e0000000,0x00000000f0880000)
  from space 16384K, 29% used [0x00000000f2b80000,0x00000000f30432d8,0x00000000f3b80000)
  to   space 26112K, 0% used [0x00000000f0880000,0x00000000f0880000,0x00000000f2200000)
 ParOldGen       total 114688K, used 63654K [0x00000000a0000000, 0x00000000a7000000, 0x00000000e0000000)
  object space 114688K, 55% used [0x00000000a0000000,0x00000000a3e29b80,0x00000000a7000000)
 Metaspace       used 63947K, capacity 67008K, committed 67160K, reserved 1107968K
  class space    used 8536K, capacity 9340K, committed 9344K, reserved 1048576K
}
Event: 148.585 GC heap before
{Heap before GC invocations=20 (full 3):
 PSYoungGen      total 287232K, used 275724K [0x00000000e0000000, 0x00000000f3b80000, 0x0000000100000000)
  eden space 270848K, 100% used [0x00000000e0000000,0x00000000f0880000,0x00000000f0880000)
  from space 16384K, 29% used [0x00000000f2b80000,0x00000000f30432d8,0x00000000f3b80000)
  to   space 26112K, 0% used [0x00000000f0880000,0x00000000f0880000,0x00000000f2200000)
 ParOldGen       total 114688K, used 63654K [0x00000000a0000000, 0x00000000a7000000, 0x00000000e0000000)
  object space 114688K, 55% used [0x00000000a0000000,0x00000000a3e29b80,0x00000000a7000000)
 Metaspace       used 64857K, capacity 68246K, committed 68440K, reserved 1107968K
  class space    used 8609K, capacity 9481K, committed 9600K, reserved 1048576K
Event: 148.608 GC heap after
Heap after GC invocations=20 (full 3):
 PSYoungGen      total 296960K, used 11408K [0x00000000e0000000, 0x00000000f5e80000, 0x0000000100000000)
  eden space 270848K, 0% used [0x00000000e0000000,0x00000000e0000000,0x00000000f0880000)
  from space 26112K, 43% used [0x00000000f0880000,0x00000000f13a4070,0x00000000f2200000)
  to   space 25088K, 0% used [0x00000000f4600000,0x00000000f4600000,0x00000000f5e80000)
 ParOldGen       total 114688K, used 63662K [0x00000000a0000000, 0x00000000a7000000, 0x00000000e0000000)
  object space 114688K, 55% used [0x00000000a0000000,0x00000000a3e2bb80,0x00000000a7000000)
 Metaspace       used 64857K, capacity 68246K, committed 68440K, reserved 1107968K
  class space    used 8609K, capacity 9481K, committed 9600K, reserved 1048576K
}
Event: 195.218 GC heap before
{Heap before GC invocations=21 (full 3):
 PSYoungGen      total 296960K, used 282256K [0x00000000e0000000, 0x00000000f5e80000, 0x0000000100000000)
  eden space 270848K, 100% used [0x00000000e0000000,0x00000000f0880000,0x00000000f0880000)
  from space 26112K, 43% used [0x00000000f0880000,0x00000000f13a4070,0x00000000f2200000)
  to   space 25088K, 0% used [0x00000000f4600000,0x00000000f4600000,0x00000000f5e80000)
 ParOldGen       total 114688K, used 63662K [0x00000000a0000000, 0x00000000a7000000, 0x00000000e0000000)
  object space 114688K, 55% used [0x00000000a0000000,0x00000000a3e2bb80,0x00000000a7000000)
 Metaspace       used 68572K, capacity 72148K, committed 72280K, reserved 1112064K
  class space    used 8931K, capacity 9832K, committed 9856K, reserved 1048576K
Event: 195.243 GC heap after
Heap after GC invocations=21 (full 3):
 PSYoungGen      total 325632K, used 18731K [0x00000000e0000000, 0x00000000f5c80000, 0x0000000100000000)
  eden space 302592K, 0% used [0x00000000e0000000,0x00000000e0000000,0x00000000f2780000)
  from space 23040K, 81% used [0x00000000f4600000,0x00000000f584ad10,0x00000000f5c80000)
  to   space 27136K, 0% used [0x00000000f2780000,0x00000000f2780000,0x00000000f4200000)
 ParOldGen       total 114688K, used 63678K [0x00000000a0000000, 0x00000000a7000000, 0x00000000e0000000)
  object space 114688K, 55% used [0x00000000a0000000,0x00000000a3e2fb80,0x00000000a7000000)
 Metaspace       used 68572K, capacity 72148K, committed 72280K, reserved 1112064K
  class space    used 8931K, capacity 9832K, committed 9856K, reserved 1048576K
}
Event: 208.642 GC heap before
{Heap before GC invocations=22 (full 3):
 PSYoungGen      total 325632K, used 321323K [0x00000000e0000000, 0x00000000f5c80000, 0x0000000100000000)
  eden space 302592K, 100% used [0x00000000e0000000,0x00000000f2780000,0x00000000f2780000)
  from space 23040K, 81% used [0x00000000f4600000,0x00000000f584ad10,0x00000000f5c80000)
  to   space 27136K, 0% used [0x00000000f2780000,0x00000000f2780000,0x00000000f4200000)
 ParOldGen       total 114688K, used 63678K [0x00000000a0000000, 0x00000000a7000000, 0x00000000e0000000)
  object space 114688K, 55% used [0x00000000a0000000,0x00000000a3e2fb80,0x00000000a7000000)
 Metaspace       used 69694K, capacity 73244K, committed 73432K, reserved 1112064K
  class space    used 9079K, capacity 9960K, committed 9984K, reserved 1048576K
Event: 208.841 GC heap after
Heap after GC invocations=22 (full 3):
 PSYoungGen      total 329728K, used 27120K [0x00000000e0000000, 0x00000000fcd00000, 0x0000000100000000)
  eden space 302592K, 0% used [0x00000000e0000000,0x00000000e0000000,0x00000000f2780000)
  from space 27136K, 99% used [0x00000000f2780000,0x00000000f41fc148,0x00000000f4200000)
  to   space 63488K, 0% used [0x00000000f8f00000,0x00000000f8f00000,0x00000000fcd00000)
 ParOldGen       total 150528K, used 150402K [0x00000000a0000000, 0x00000000a9300000, 0x00000000e0000000)
  object space 150528K, 99% used [0x00000000a0000000,0x00000000a92e0a70,0x00000000a9300000)
 Metaspace       used 69694K, capacity 73244K, committed 73432K, reserved 1112064K
  class space    used 9079K, capacity 9960K, committed 9984K, reserved 1048576K
}
Event: 208.842 GC heap before
{Heap before GC invocations=23 (full 4):
 PSYoungGen      total 329728K, used 27120K [0x00000000e0000000, 0x00000000fcd00000, 0x0000000100000000)
  eden space 302592K, 0% used [0x00000000e0000000,0x00000000e0000000,0x00000000f2780000)
  from space 27136K, 99% used [0x00000000f2780000,0x00000000f41fc148,0x00000000f4200000)
  to   space 63488K, 0% used [0x00000000f8f00000,0x00000000f8f00000,0x00000000fcd00000)
 ParOldGen       total 150528K, used 150402K [0x00000000a0000000, 0x00000000a9300000, 0x00000000e0000000)
  object space 150528K, 99% used [0x00000000a0000000,0x00000000a92e0a70,0x00000000a9300000)
 Metaspace       used 69694K, capacity 73244K, committed 73432K, reserved 1112064K
  class space    used 9079K, capacity 9960K, committed 9984K, reserved 1048576K

Deoptimization events (10 events):
Event: 208.508 Thread 0x000000001eb1f000 Uncommon trap: reason=bimorphic action=maybe_recompile pc=0x000000000792b318 method=proguard.classfile.attribute.annotation.RuntimeInvisibleAnnotationsAttribute.accept(Lproguard/classfile/Clazz;Lproguard/classfile/Method;Lproguard/classfile/attribute/visi
Event: 208.509 Thread 0x000000001eb1f000 Uncommon trap: reason=class_check action=maybe_recompile pc=0x00000000078f2ab0 method=proguard.classfile.attribute.ConstantValueAttribute.accept(Lproguard/classfile/Clazz;Lproguard/classfile/Field;Lproguard/classfile/attribute/visitor/AttributeVisitor;)V 
Event: 208.509 Thread 0x000000001eb1f000 Uncommon trap: reason=class_check action=maybe_recompile pc=0x00000000078f2ab0 method=proguard.classfile.attribute.ConstantValueAttribute.accept(Lproguard/classfile/Clazz;Lproguard/classfile/Field;Lproguard/classfile/attribute/visitor/AttributeVisitor;)V 
Event: 208.509 Thread 0x000000001eb1f000 Uncommon trap: reason=class_check action=maybe_recompile pc=0x00000000078f2ab0 method=proguard.classfile.attribute.ConstantValueAttribute.accept(Lproguard/classfile/Clazz;Lproguard/classfile/Field;Lproguard/classfile/attribute/visitor/AttributeVisitor;)V 
Event: 208.509 Thread 0x000000001eb1f000 Uncommon trap: reason=class_check action=maybe_recompile pc=0x00000000078f2ab0 method=proguard.classfile.attribute.ConstantValueAttribute.accept(Lproguard/classfile/Clazz;Lproguard/classfile/Field;Lproguard/classfile/attribute/visitor/AttributeVisitor;)V 
Event: 208.509 Thread 0x000000001eb1f000 Uncommon trap: reason=bimorphic action=maybe_recompile pc=0x000000000792b318 method=proguard.classfile.attribute.annotation.RuntimeInvisibleAnnotationsAttribute.accept(Lproguard/classfile/Clazz;Lproguard/classfile/Method;Lproguard/classfile/attribute/visi
Event: 208.526 Thread 0x000000001eb1f000 Uncommon trap: reason=bimorphic action=maybe_recompile pc=0x0000000007930b28 method=proguard.classfile.attribute.ExceptionsAttribute.accept(Lproguard/classfile/Clazz;Lproguard/classfile/Method;Lproguard/classfile/attribute/visitor/AttributeVisitor;)V @ 4
Event: 208.528 Thread 0x000000001eb1f000 Uncommon trap: reason=bimorphic action=maybe_recompile pc=0x0000000007930b28 method=proguard.classfile.attribute.ExceptionsAttribute.accept(Lproguard/classfile/Clazz;Lproguard/classfile/Method;Lproguard/classfile/attribute/visitor/AttributeVisitor;)V @ 4
Event: 208.528 Thread 0x000000001eb1f000 Uncommon trap: reason=bimorphic action=maybe_recompile pc=0x0000000007930b28 method=proguard.classfile.attribute.ExceptionsAttribute.accept(Lproguard/classfile/Clazz;Lproguard/classfile/Method;Lproguard/classfile/attribute/visitor/AttributeVisitor;)V @ 4
Event: 208.528 Thread 0x000000001eb1f000 Uncommon trap: reason=bimorphic action=maybe_recompile pc=0x0000000007930b28 method=proguard.classfile.attribute.ExceptionsAttribute.accept(Lproguard/classfile/Clazz;Lproguard/classfile/Method;Lproguard/classfile/attribute/visitor/AttributeVisitor;)V @ 4

Classes redefined (0 events):
No events

Internal exceptions (10 events):
Event: 195.797 Thread 0x000000001eb25800 Exception <a 'sun/nio/fs/WindowsException'> (0x00000000e054d860) thrown at [D:\src\AOSP-openjdk-cygwin\jdk8u\hotspot\src\share\vm\prims\jni.cpp, line 709]
Event: 195.827 Thread 0x000000001eb25800 Exception <a 'sun/nio/fs/WindowsException'> (0x00000000e0569de0) thrown at [D:\src\AOSP-openjdk-cygwin\jdk8u\hotspot\src\share\vm\prims\jni.cpp, line 709]
Event: 195.843 Thread 0x000000001eb25800 Exception <a 'sun/nio/fs/WindowsException'> (0x00000000e057b888) thrown at [D:\src\AOSP-openjdk-cygwin\jdk8u\hotspot\src\share\vm\prims\jni.cpp, line 709]
Event: 195.867 Thread 0x000000001eb25800 Exception <a 'sun/nio/fs/WindowsException'> (0x00000000e0592a58) thrown at [D:\src\AOSP-openjdk-cygwin\jdk8u\hotspot\src\share\vm\prims\jni.cpp, line 709]
Event: 195.883 Thread 0x000000001eb25800 Exception <a 'sun/nio/fs/WindowsException'> (0x00000000e05a7318) thrown at [D:\src\AOSP-openjdk-cygwin\jdk8u\hotspot\src\share\vm\prims\jni.cpp, line 709]
Event: 195.915 Thread 0x000000001eb25800 Exception <a 'sun/nio/fs/WindowsException'> (0x00000000e05de0c8) thrown at [D:\src\AOSP-openjdk-cygwin\jdk8u\hotspot\src\share\vm\prims\jni.cpp, line 709]
Event: 195.931 Thread 0x000000001eb25800 Exception <a 'sun/nio/fs/WindowsException'> (0x00000000e05efcc0) thrown at [D:\src\AOSP-openjdk-cygwin\jdk8u\hotspot\src\share\vm\prims\jni.cpp, line 709]
Event: 195.949 Thread 0x000000001eb25800 Exception <a 'sun/nio/fs/WindowsException'> (0x00000000e060dce8) thrown at [D:\src\AOSP-openjdk-cygwin\jdk8u\hotspot\src\share\vm\prims\jni.cpp, line 709]
Event: 195.966 Thread 0x000000001eb25800 Exception <a 'sun/nio/fs/WindowsException'> (0x00000000e062a278) thrown at [D:\src\AOSP-openjdk-cygwin\jdk8u\hotspot\src\share\vm\prims\jni.cpp, line 709]
Event: 195.985 Thread 0x000000001eb25800 Exception <a 'sun/nio/fs/WindowsException'> (0x00000000e0649c60) thrown at [D:\src\AOSP-openjdk-cygwin\jdk8u\hotspot\src\share\vm\prims\jni.cpp, line 709]

Events (10 events):
Event: 208.528 Thread 0x000000001eb1f000 Uncommon trap: trap_request=0xffffffc6 fr.pc=0x0000000007930b28
Event: 208.528 Thread 0x000000001eb1f000 DEOPT PACKING pc=0x0000000007930b28 sp=0x0000000027ffd130
Event: 208.528 Thread 0x000000001eb1f000 DEOPT UNPACKING pc=0x0000000004d3556a sp=0x0000000027ffd0c0 mode 2
Event: 208.528 Thread 0x000000001eb1f000 Uncommon trap: trap_request=0xffffffc6 fr.pc=0x0000000007930b28
Event: 208.528 Thread 0x000000001eb1f000 DEOPT PACKING pc=0x0000000007930b28 sp=0x0000000027ffd130
Event: 208.528 Thread 0x000000001eb1f000 DEOPT UNPACKING pc=0x0000000004d3556a sp=0x0000000027ffd0c0 mode 2
Event: 208.528 Thread 0x000000001eb1f000 Uncommon trap: trap_request=0xffffffc6 fr.pc=0x0000000007930b28
Event: 208.528 Thread 0x000000001eb1f000 DEOPT PACKING pc=0x0000000007930b28 sp=0x0000000027ffd130
Event: 208.528 Thread 0x000000001eb1f000 DEOPT UNPACKING pc=0x0000000004d3556a sp=0x0000000027ffd0c0 mode 2
Event: 208.642 Executing VM operation: ParallelGCFailedAllocation


Dynamic libraries:
0x00007ff78c270000 - 0x00007ff78c2a1000 	C:\Program Files\Android\Android Studio\jre\bin\java.exe
0x00007ffecfe80000 - 0x00007ffed0060000 	C:\Windows\SYSTEM32\ntdll.dll
0x00007ffecdd90000 - 0x00007ffecde3e000 	C:\Windows\System32\KERNEL32.DLL
0x00007ffecccf0000 - 0x00007ffeccf56000 	C:\Windows\System32\KERNELBASE.dll
0x00007ffecd4f0000 - 0x00007ffecd591000 	C:\Windows\System32\ADVAPI32.dll
0x00007ffece090000 - 0x00007ffece12d000 	C:\Windows\System32\msvcrt.dll
0x00007ffece140000 - 0x00007ffece19b000 	C:\Windows\System32\sechost.dll
0x00007ffece700000 - 0x00007ffece81f000 	C:\Windows\System32\RPCRT4.dll
0x00007ffecdf00000 - 0x00007ffece08f000 	C:\Windows\System32\USER32.dll
0x00007ffeccc80000 - 0x00007ffeccca0000 	C:\Windows\System32\win32u.dll
0x00007ffece360000 - 0x00007ffece388000 	C:\Windows\System32\GDI32.dll
0x00007ffecca80000 - 0x00007ffeccc13000 	C:\Windows\System32\gdi32full.dll
0x00007ffecd0e0000 - 0x00007ffecd17b000 	C:\Windows\System32\msvcp_win.dll
0x00007ffeccf60000 - 0x00007ffecd056000 	C:\Windows\System32\ucrtbase.dll
0x00007ffec1330000 - 0x00007ffec1599000 	C:\Windows\WinSxS\amd64_microsoft.windows.common-controls_6595b64144ccf1df_6.0.16299.309_none_15cfd4c4935e6b11\COMCTL32.dll
0x00007ffece3f0000 - 0x00007ffece6f8000 	C:\Windows\System32\combase.dll
0x00007ffecd060000 - 0x00007ffecd0d2000 	C:\Windows\System32\bcryptPrimitives.dll
0x00007ffecd4c0000 - 0x00007ffecd4ed000 	C:\Windows\System32\IMM32.DLL
0x0000000052a70000 - 0x0000000052b42000 	C:\Program Files\Android\Android Studio\jre\jre\bin\msvcr100.dll
0x0000000052b50000 - 0x000000005338e000 	C:\Program Files\Android\Android Studio\jre\jre\bin\server\jvm.dll
0x00007ffecdef0000 - 0x00007ffecdef8000 	C:\Windows\System32\PSAPI.DLL
0x00007ffec4540000 - 0x00007ffec454a000 	C:\Windows\SYSTEM32\VERSION.dll
0x00007ffeca650000 - 0x00007ffeca659000 	C:\Windows\SYSTEM32\WSOCK32.dll
0x00007ffeca590000 - 0x00007ffeca5b3000 	C:\Windows\SYSTEM32\WINMM.dll
0x00007ffecdc50000 - 0x00007ffecdcbc000 	C:\Windows\System32\WS2_32.dll
0x00007ffeca500000 - 0x00007ffeca52a000 	C:\Windows\SYSTEM32\winmmbase.dll
0x00007ffeccca0000 - 0x00007ffecccea000 	C:\Windows\System32\cfgmgr32.dll
0x00007ffeb9500000 - 0x00007ffeb950f000 	C:\Program Files\Android\Android Studio\jre\jre\bin\verify.dll
0x00007ffeaaff0000 - 0x00007ffeab019000 	C:\Program Files\Android\Android Studio\jre\jre\bin\java.dll
0x00007ffeb7580000 - 0x00007ffeb7596000 	C:\Program Files\Android\Android Studio\jre\jre\bin\zip.dll
0x00007ffece990000 - 0x00007ffecfdc6000 	C:\Windows\System32\SHELL32.dll
0x00007ffecde40000 - 0x00007ffecdee6000 	C:\Windows\System32\shcore.dll
0x00007ffecc330000 - 0x00007ffecca77000 	C:\Windows\System32\windows.storage.dll
0x00007ffece820000 - 0x00007ffece871000 	C:\Windows\System32\shlwapi.dll
0x00007ffecc240000 - 0x00007ffecc251000 	C:\Windows\System32\kernel.appcore.dll
0x00007ffecc1f0000 - 0x00007ffecc23c000 	C:\Windows\System32\powrprof.dll
0x00007ffecc1d0000 - 0x00007ffecc1eb000 	C:\Windows\System32\profapi.dll
0x00007ffeb30f0000 - 0x00007ffeb310a000 	C:\Program Files\Android\Android Studio\jre\jre\bin\net.dll
0x00007ffecba00000 - 0x00007ffecba66000 	C:\Windows\system32\mswsock.dll
0x00007ffeae9f0000 - 0x00007ffeaea01000 	C:\Program Files\Android\Android Studio\jre\jre\bin\nio.dll
0x00007ffeb59c0000 - 0x00007ffeb59de000 	C:\Users\Bartek\.gradle\native\25\windows-amd64\native-platform.dll
0x00007ffec45e0000 - 0x00007ffec45ed000 	C:\Program Files\Android\Android Studio\jre\jre\bin\management.dll
0x00007ffecbbc0000 - 0x00007ffecbbd7000 	C:\Windows\SYSTEM32\CRYPTSP.dll
0x00007ffecb600000 - 0x00007ffecb633000 	C:\Windows\system32\rsaenh.dll
0x00007ffecbcd0000 - 0x00007ffecbcf5000 	C:\Windows\SYSTEM32\bcrypt.dll
0x00007ffecc0d0000 - 0x00007ffecc0f9000 	C:\Windows\SYSTEM32\USERENV.dll
0x00007ffecbbe0000 - 0x00007ffecbbeb000 	C:\Windows\SYSTEM32\CRYPTBASE.dll
0x00007ffecb790000 - 0x00007ffecb7c9000 	C:\Windows\SYSTEM32\IPHLPAPI.DLL
0x00007ffece880000 - 0x00007ffece888000 	C:\Windows\System32\NSI.dll
0x00007ffec7920000 - 0x00007ffec7936000 	C:\Windows\SYSTEM32\dhcpcsvc6.DLL
0x00007ffec7900000 - 0x00007ffec791a000 	C:\Windows\SYSTEM32\dhcpcsvc.DLL
0x00007ffecb300000 - 0x00007ffecb331000 	C:\Windows\SYSTEM32\ntmarta.dll
0x00007ffec1900000 - 0x00007ffec1ac8000 	C:\Windows\SYSTEM32\dbghelp.dll

VM Arguments:
jvm_args: -Xmx1536m -Dfile.encoding=windows-1250 -Duser.country=PL -Duser.language=pl -Duser.variant 
java_command: org.gradle.launcher.daemon.bootstrap.GradleDaemon 4.1
java_class_path (initial): C:\Users\Bartek\.gradle\wrapper\dists\gradle-4.1-all\bzyivzo6n839fup2jbap0tjew\gradle-4.1\lib\gradle-launcher-4.1.jar
Launcher Type: SUN_STANDARD

Environment Variables:
PATH=C:\Program Files (x86)\AMD APP\bin\x86_64;C:\Program Files (x86)\AMD APP\bin\x86;C:\Windows\system32;C:\Windows;C:\Windows\System32\Wbem;C:\Windows\System32\WindowsPowerShell\v1.0\;D:\Programy\Ati\ATI.ACE\Core-Static;C:\Program Files\Git\cmd;C:\Program Files\dotnet\;C:\Program Files\Microsoft SQL Server\130\Tools\Binn\;C:\Users\Bartek\AppData\Local\Microsoft\WindowsApps;C:\Program Files\Bandizip\;C:\Users\Bartek\AppData\Local\GitHubDesktop\bin
USERNAME=Bartek
OS=Windows_NT
PROCESSOR_IDENTIFIER=AMD64 Family 16 Model 4 Stepping 2, AuthenticAMD



---------------  S Y S T E M  ---------------

OS: Windows 10.0 , 64 bit Build 16299 (10.0.16299.15)

CPU:total 4 (initial active 4) (4 cores per cpu, 1 threads per core) family 16 model 4 stepping 2, cmov, cx8, fxsr, mmx, sse, sse2, sse3, popcnt, mmxext, 3dnowpref, lzcnt, sse4a, tsc, tscinvbit, tscinv

Memory: 4k page, physical 4193456k(211048k free), swap 11271344k(5243568k free)

vm_info: OpenJDK 64-Bit Server VM (25.152-b01) for windows-amd64 JRE (1.8.0_152-release-915-b01), built by "builder" with MS VC++ 10.0 (VS2010)

time: Thu Apr 05 18:35:44 2018
elapsed time: 209 seconds (0d 0h 3m 29s)

